Copyright 1986-2022 Xilinx, Inc. All Rights Reserved. Copyright 2022-2024 Advanced Micro Devices, Inc. All Rights Reserved.
---------------------------------------------------------------------------------------------------------------------------------------------
| Tool Version : Vivado v.2024.1 (win64) Build 5076996 Wed May 22 18:37:14 MDT 2024
| Date         : Tue Jan 14 22:16:51 2025
| Host         : Sergiu running 64-bit major release  (build 9200)
| Command      : report_control_sets -verbose -file design_1_wrapper_control_sets_placed.rpt
| Design       : design_1_wrapper
| Device       : xc7z020
---------------------------------------------------------------------------------------------------------------------------------------------

Control Set Information

Table of Contents
-----------------
1. Summary
2. Histogram
3. Flip-Flop Distribution
4. Detailed Control Set Information

1. Summary
----------

+----------------------------------------------------------+-------+
|                          Status                          | Count |
+----------------------------------------------------------+-------+
| Total control sets                                       |   101 |
|    Minimum number of control sets                        |   101 |
|    Addition due to synthesis replication                 |     0 |
|    Addition due to physical synthesis replication        |     0 |
| Unused register locations in slices containing registers |   308 |
+----------------------------------------------------------+-------+
* Control sets can be merged at opt_design using control_set_merge or merge_equivalent_drivers
** Run report_qor_suggestions for automated merging and remapping suggestions


2. Histogram
------------

+--------------------+-------+
|       Fanout       | Count |
+--------------------+-------+
| Total control sets |   101 |
| >= 0 to < 4        |     4 |
| >= 4 to < 6        |    32 |
| >= 6 to < 8        |     1 |
| >= 8 to < 10       |     5 |
| >= 10 to < 12      |     1 |
| >= 12 to < 14      |     5 |
| >= 14 to < 16      |     3 |
| >= 16              |    50 |
+--------------------+-------+
* Control sets can be remapped at either synth_design or opt_design


3. Flip-Flop Distribution
-------------------------

+--------------+-----------------------+------------------------+-----------------+--------------+
| Clock Enable | Synchronous Set/Reset | Asynchronous Set/Reset | Total Registers | Total Slices |
+--------------+-----------------------+------------------------+-----------------+--------------+
| No           | No                    | No                     |             292 |           92 |
| No           | No                    | Yes                    |             114 |           59 |
| No           | Yes                   | No                     |             471 |          127 |
| Yes          | No                    | No                     |             695 |          234 |
| Yes          | No                    | Yes                    |              10 |            5 |
| Yes          | Yes                   | No                     |             398 |           95 |
+--------------+-----------------------+------------------------+-----------------+--------------+


4. Detailed Control Set Information
-----------------------------------

+----------------------------------------------------------------+----------------------------------------------------------------------------------------------------------------------------------------------------------------+-------------------------------------------------------------------------------------------------------------------------------------------------------+------------------+----------------+--------------+
|                          Clock Signal                          |                                                                          Enable Signal                                                                         |                                                                    Set/Reset Signal                                                                   | Slice Load Count | Bel Load Count | Bels / Slice |
+----------------------------------------------------------------+----------------------------------------------------------------------------------------------------------------------------------------------------------------+-------------------------------------------------------------------------------------------------------------------------------------------------------+------------------+----------------+--------------+
|  design_1_i/fp_equation_solver_0/inst/Multiplier_BY/carry5_out |                                                                                                                                                                |                                                                                                                                                       |                1 |              1 |         1.00 |
|  design_1_i/fp_equation_solver_0/inst/Multiplier_AX/carry5_out |                                                                                                                                                                |                                                                                                                                                       |                1 |              1 |         1.00 |
|  design_1_i/processing_system7_0/inst/FCLK_CLK0                | design_1_i/ps7_0_axi_periph/s00_couplers/auto_pc/inst/gen_axilite.gen_b2s_conv.axilite_b2s/WR.aw_channel_0/aw_cmd_fsm_0/FSM_sequential_state_reg[0]_1          | design_1_i/ps7_0_axi_periph/s00_couplers/auto_pc/inst/gen_axilite.gen_b2s_conv.axilite_b2s/WR.aw_channel_0/aw_cmd_fsm_0/FSM_sequential_state_reg[0]_0 |                1 |              1 |         1.00 |
|  design_1_i/processing_system7_0/inst/FCLK_CLK0                | design_1_i/ps7_0_axi_periph/s00_couplers/auto_pc/inst/gen_axilite.gen_b2s_conv.axilite_b2s/WR.b_channel_0/bid_fifo_0/sel                                       |                                                                                                                                                       |                1 |              2 |         2.00 |
|  design_1_i/processing_system7_0/inst/FCLK_CLK0                |                                                                                                                                                                | design_1_i/ps7_0_axi_periph/s00_couplers/auto_pc/inst/gen_axilite.gen_b2s_conv.axilite_b2s/SI_REG/aw.aw_pipe/aresetn_d_reg[1]_inv_0                   |                1 |              4 |         4.00 |
|  design_1_i/processing_system7_0/inst/FCLK_CLK0                | design_1_i/axi_gpio_start/U0/AXI_LITE_IPIF_I/I_SLAVE_ATTACHMENT/bus2ip_addr_i[8]_i_1_n_0                                                                       | design_1_i/axi_gpio_start/U0/AXI_LITE_IPIF_I/I_SLAVE_ATTACHMENT/SS[0]                                                                                 |                1 |              4 |         4.00 |
|  design_1_i/processing_system7_0/inst/FCLK_CLK0                |                                                                                                                                                                | design_1_i/axi_gpio_start/U0/AXI_LITE_IPIF_I/I_SLAVE_ATTACHMENT/clear                                                                                 |                1 |              4 |         4.00 |
|  design_1_i/processing_system7_0/inst/FCLK_CLK0                | design_1_i/axi_gpio_start/U0/AXI_LITE_IPIF_I/I_SLAVE_ATTACHMENT/start2                                                                                         | design_1_i/axi_gpio_start/U0/AXI_LITE_IPIF_I/I_SLAVE_ATTACHMENT/I_DECODER/cs_ce_clr                                                                   |                1 |              4 |         4.00 |
|  design_1_i/processing_system7_0/inst/FCLK_CLK0                |                                                                                                                                                                | design_1_i/axi_gpio_a/U0/AXI_LITE_IPIF_I/I_SLAVE_ATTACHMENT/clear                                                                                     |                1 |              4 |         4.00 |
|  design_1_i/processing_system7_0/inst/FCLK_CLK0                | design_1_i/axi_gpio_done/U0/AXI_LITE_IPIF_I/I_SLAVE_ATTACHMENT/start2                                                                                          | design_1_i/axi_gpio_done/U0/AXI_LITE_IPIF_I/I_SLAVE_ATTACHMENT/I_DECODER/cs_ce_clr                                                                    |                1 |              4 |         4.00 |
|  design_1_i/processing_system7_0/inst/FCLK_CLK0                | design_1_i/axi_gpio_x/U0/AXI_LITE_IPIF_I/I_SLAVE_ATTACHMENT/start2                                                                                             | design_1_i/axi_gpio_x/U0/AXI_LITE_IPIF_I/I_SLAVE_ATTACHMENT/I_DECODER/cs_ce_clr                                                                       |                1 |              4 |         4.00 |
|  design_1_i/processing_system7_0/inst/FCLK_CLK0                |                                                                                                                                                                | design_1_i/axi_gpio_rez/U0/AXI_LITE_IPIF_I/I_SLAVE_ATTACHMENT/clear                                                                                   |                1 |              4 |         4.00 |
|  design_1_i/processing_system7_0/inst/FCLK_CLK0                | design_1_i/axi_gpio_a/U0/AXI_LITE_IPIF_I/I_SLAVE_ATTACHMENT/start2                                                                                             | design_1_i/axi_gpio_a/U0/AXI_LITE_IPIF_I/I_SLAVE_ATTACHMENT/I_DECODER/cs_ce_clr                                                                       |                1 |              4 |         4.00 |
|  design_1_i/processing_system7_0/inst/FCLK_CLK0                | design_1_i/axi_gpio_a/U0/AXI_LITE_IPIF_I/I_SLAVE_ATTACHMENT/bus2ip_addr_i[8]_i_1_n_0                                                                           | design_1_i/axi_gpio_a/U0/AXI_LITE_IPIF_I/I_SLAVE_ATTACHMENT/SR[0]                                                                                     |                1 |              4 |         4.00 |
|  design_1_i/processing_system7_0/inst/FCLK_CLK0                |                                                                                                                                                                | design_1_i/axi_gpio_y/U0/AXI_LITE_IPIF_I/I_SLAVE_ATTACHMENT/clear                                                                                     |                1 |              4 |         4.00 |
|  design_1_i/processing_system7_0/inst/FCLK_CLK0                | design_1_i/axi_gpio_rez/U0/AXI_LITE_IPIF_I/I_SLAVE_ATTACHMENT/bus2ip_addr_i[8]_i_1_n_0                                                                         | design_1_i/axi_gpio_rez/U0/AXI_LITE_IPIF_I/I_SLAVE_ATTACHMENT/SR[0]                                                                                   |                2 |              4 |         2.00 |
|  design_1_i/processing_system7_0/inst/FCLK_CLK0                |                                                                                                                                                                | design_1_i/axi_gpio_b/U0/AXI_LITE_IPIF_I/I_SLAVE_ATTACHMENT/clear                                                                                     |                1 |              4 |         4.00 |
|  design_1_i/processing_system7_0/inst/FCLK_CLK0                | design_1_i/axi_gpio_rez/U0/AXI_LITE_IPIF_I/I_SLAVE_ATTACHMENT/start2                                                                                           | design_1_i/axi_gpio_rez/U0/AXI_LITE_IPIF_I/I_SLAVE_ATTACHMENT/I_DECODER/cs_ce_clr                                                                     |                1 |              4 |         4.00 |
|  design_1_i/processing_system7_0/inst/FCLK_CLK0                | design_1_i/axi_gpio_x/U0/AXI_LITE_IPIF_I/I_SLAVE_ATTACHMENT/bus2ip_addr_i[8]_i_1_n_0                                                                           | design_1_i/axi_gpio_x/U0/AXI_LITE_IPIF_I/I_SLAVE_ATTACHMENT/SR[0]                                                                                     |                1 |              4 |         4.00 |
|  design_1_i/processing_system7_0/inst/FCLK_CLK0                | design_1_i/axi_gpio_done/U0/AXI_LITE_IPIF_I/I_SLAVE_ATTACHMENT/bus2ip_addr_i[8]_i_1_n_0                                                                        | design_1_i/axi_gpio_done/U0/AXI_LITE_IPIF_I/I_SLAVE_ATTACHMENT/SS[0]                                                                                  |                1 |              4 |         4.00 |
|  design_1_i/processing_system7_0/inst/FCLK_CLK0                |                                                                                                                                                                | design_1_i/axi_gpio_x/U0/AXI_LITE_IPIF_I/I_SLAVE_ATTACHMENT/clear                                                                                     |                1 |              4 |         4.00 |
|  design_1_i/processing_system7_0/inst/FCLK_CLK0                | design_1_i/axi_gpio_c/U0/AXI_LITE_IPIF_I/I_SLAVE_ATTACHMENT/start2                                                                                             | design_1_i/axi_gpio_c/U0/AXI_LITE_IPIF_I/I_SLAVE_ATTACHMENT/I_DECODER/cs_ce_clr                                                                       |                1 |              4 |         4.00 |
|  design_1_i/processing_system7_0/inst/FCLK_CLK0                | design_1_i/axi_gpio_c/U0/AXI_LITE_IPIF_I/I_SLAVE_ATTACHMENT/bus2ip_addr_i[8]_i_1_n_0                                                                           | design_1_i/axi_gpio_c/U0/AXI_LITE_IPIF_I/I_SLAVE_ATTACHMENT/SR[0]                                                                                     |                1 |              4 |         4.00 |
|  design_1_i/processing_system7_0/inst/FCLK_CLK0                |                                                                                                                                                                | design_1_i/axi_gpio_done/U0/AXI_LITE_IPIF_I/I_SLAVE_ATTACHMENT/clear                                                                                  |                1 |              4 |         4.00 |
|  design_1_i/processing_system7_0/inst/FCLK_CLK0                | design_1_i/axi_gpio_y/U0/AXI_LITE_IPIF_I/I_SLAVE_ATTACHMENT/bus2ip_addr_i[8]_i_1_n_0                                                                           | design_1_i/axi_gpio_y/U0/AXI_LITE_IPIF_I/I_SLAVE_ATTACHMENT/SR[0]                                                                                     |                1 |              4 |         4.00 |
|  design_1_i/processing_system7_0/inst/FCLK_CLK0                |                                                                                                                                                                | design_1_i/axi_gpio_c/U0/AXI_LITE_IPIF_I/I_SLAVE_ATTACHMENT/clear                                                                                     |                1 |              4 |         4.00 |
|  design_1_i/processing_system7_0/inst/FCLK_CLK0                | design_1_i/axi_gpio_y/U0/AXI_LITE_IPIF_I/I_SLAVE_ATTACHMENT/start2                                                                                             | design_1_i/axi_gpio_y/U0/AXI_LITE_IPIF_I/I_SLAVE_ATTACHMENT/I_DECODER/cs_ce_clr                                                                       |                1 |              4 |         4.00 |
|  design_1_i/processing_system7_0/inst/FCLK_CLK0                | design_1_i/ps7_0_axi_periph/s00_couplers/auto_pc/inst/gen_axilite.gen_b2s_conv.axilite_b2s/RD.ar_channel_0/ar_cmd_fsm_0/m_axi_arready_2                        | design_1_i/ps7_0_axi_periph/s00_couplers/auto_pc/inst/gen_axilite.gen_b2s_conv.axilite_b2s/RD.ar_channel_0/ar_cmd_fsm_0/FSM_sequential_state_reg[1]_0 |                2 |              4 |         2.00 |
|  design_1_i/processing_system7_0/inst/FCLK_CLK0                |                                                                                                                                                                | design_1_i/rst_ps7_0_50M/U0/EXT_LPF/lpf_int                                                                                                           |                1 |              4 |         4.00 |
|  design_1_i/processing_system7_0/inst/FCLK_CLK0                | design_1_i/axi_gpio_b/U0/AXI_LITE_IPIF_I/I_SLAVE_ATTACHMENT/start2                                                                                             | design_1_i/axi_gpio_b/U0/AXI_LITE_IPIF_I/I_SLAVE_ATTACHMENT/I_DECODER/cs_ce_clr                                                                       |                2 |              4 |         2.00 |
|  design_1_i/processing_system7_0/inst/FCLK_CLK0                | design_1_i/axi_gpio_b/U0/AXI_LITE_IPIF_I/I_SLAVE_ATTACHMENT/bus2ip_addr_i[8]_i_1_n_0                                                                           | design_1_i/axi_gpio_b/U0/AXI_LITE_IPIF_I/I_SLAVE_ATTACHMENT/SR[0]                                                                                     |                1 |              4 |         4.00 |
|  design_1_i/processing_system7_0/inst/FCLK_CLK0                |                                                                                                                                                                | design_1_i/ps7_0_axi_periph/s00_couplers/auto_pc/inst/gen_axilite.gen_b2s_conv.axilite_b2s/SI_REG/aw.aw_pipe/aresetn_d_reg[0]_0                       |                3 |              4 |         1.33 |
|  design_1_i/processing_system7_0/inst/FCLK_CLK0                | design_1_i/fp_equation_solver_0/inst/Adder_AX_BY_C/FSM_onehot_state[4]_i_1__0_n_0                                                                              | design_1_i/rst_ps7_0_50M/U0/peripheral_aresetn[0]                                                                                                     |                3 |              5 |         1.67 |
|  design_1_i/processing_system7_0/inst/FCLK_CLK0                | design_1_i/fp_equation_solver_0/inst/Adder_AX_BY/FSM_onehot_state[4]_i_1_n_0                                                                                   | design_1_i/rst_ps7_0_50M/U0/peripheral_aresetn[0]                                                                                                     |                2 |              5 |         2.50 |
|  design_1_i/processing_system7_0/inst/FCLK_CLK0                | design_1_i/ps7_0_axi_periph/s00_couplers/auto_pc/inst/gen_axilite.gen_b2s_conv.axilite_b2s/RD.r_channel_0/rd_data_fifo_0/cnt_read[4]_i_1__0_n_0                | design_1_i/ps7_0_axi_periph/s00_couplers/auto_pc/inst/gen_axilite.gen_b2s_conv.axilite_b2s/areset_d1                                                  |                2 |              5 |         2.50 |
|  design_1_i/processing_system7_0/inst/FCLK_CLK0                | design_1_i/ps7_0_axi_periph/s00_couplers/auto_pc/inst/gen_axilite.gen_b2s_conv.axilite_b2s/RD.r_channel_0/transaction_fifo_0/cnt_read[4]_i_1_n_0               | design_1_i/ps7_0_axi_periph/s00_couplers/auto_pc/inst/gen_axilite.gen_b2s_conv.axilite_b2s/areset_d1                                                  |                2 |              5 |         2.50 |
|  design_1_i/processing_system7_0/inst/FCLK_CLK0                | design_1_i/rst_ps7_0_50M/U0/SEQ/seq_cnt_en                                                                                                                     | design_1_i/rst_ps7_0_50M/U0/SEQ/SEQ_COUNTER/clear                                                                                                     |                1 |              6 |         6.00 |
|  design_1_i/processing_system7_0/inst/FCLK_CLK0                | design_1_i/fp_equation_solver_0/inst/Adder_AX_BY/sum_exp0                                                                                                      |                                                                                                                                                       |                2 |              8 |         4.00 |
|  design_1_i/processing_system7_0/inst/FCLK_CLK0                | design_1_i/ps7_0_axi_periph/s00_couplers/auto_pc/inst/gen_axilite.gen_b2s_conv.axilite_b2s/WR.b_channel_0/mhandshake_r                                         | design_1_i/ps7_0_axi_periph/s00_couplers/auto_pc/inst/gen_axilite.gen_b2s_conv.axilite_b2s/WR.b_channel_0/bid_fifo_0/SR[0]                            |                2 |              8 |         4.00 |
|  design_1_i/processing_system7_0/inst/FCLK_CLK0                | design_1_i/fp_equation_solver_0/inst/Adder_AX_BY/A_exp0                                                                                                        | design_1_i/fp_equation_solver_0/inst/Adder_AX_BY/B_exp[7]_i_1_n_0                                                                                     |                4 |              8 |         2.00 |
|  design_1_i/processing_system7_0/inst/FCLK_CLK0                | design_1_i/fp_equation_solver_0/inst/Adder_AX_BY/A_exp0                                                                                                        | design_1_i/fp_equation_solver_0/inst/Adder_AX_BY/A_exp[7]_i_1_n_0                                                                                     |                7 |              8 |         1.14 |
|  design_1_i/processing_system7_0/inst/FCLK_CLK0                | design_1_i/fp_equation_solver_0/inst/Adder_AX_BY_C/sum_exp0                                                                                                    |                                                                                                                                                       |                2 |              8 |         4.00 |
|  design_1_i/processing_system7_0/inst/FCLK_CLK0                |                                                                                                                                                                | design_1_i/ps7_0_axi_periph/s00_couplers/auto_pc/inst/gen_axilite.gen_b2s_conv.axilite_b2s/areset_d1                                                  |                3 |             10 |         3.33 |
|  design_1_i/processing_system7_0/inst/FCLK_CLK0                | design_1_i/ps7_0_axi_periph/s00_couplers/auto_pc/inst/gen_axilite.gen_b2s_conv.axilite_b2s/RD.ar_channel_0/ar_cmd_fsm_0/E[0]                                   |                                                                                                                                                       |                6 |             12 |         2.00 |
|  design_1_i/processing_system7_0/inst/FCLK_CLK0                | design_1_i/ps7_0_axi_periph/s00_couplers/auto_pc/inst/gen_axilite.gen_b2s_conv.axilite_b2s/WR.aw_channel_0/cmd_translator_0/incr_cmd_0/axaddr_incr[11]_i_1_n_0 |                                                                                                                                                       |                2 |             12 |         6.00 |
|  design_1_i/processing_system7_0/inst/FCLK_CLK0                | design_1_i/ps7_0_axi_periph/s00_couplers/auto_pc/inst/gen_axilite.gen_b2s_conv.axilite_b2s/WR.aw_channel_0/aw_cmd_fsm_0/m_valid_i_reg[0]                       |                                                                                                                                                       |                6 |             12 |         2.00 |
|  design_1_i/processing_system7_0/inst/FCLK_CLK0                | design_1_i/ps7_0_axi_periph/s00_couplers/auto_pc/inst/gen_axilite.gen_b2s_conv.axilite_b2s/RD.ar_channel_0/ar_cmd_fsm_0/sel_first_reg[0]                       |                                                                                                                                                       |                2 |             12 |         6.00 |
|  design_1_i/processing_system7_0/inst/FCLK_CLK0                | design_1_i/ps7_0_axi_periph/s00_couplers/auto_pc/inst/gen_axilite.gen_b2s_conv.axilite_b2s/RD.r_channel_0/r_push_r                                             |                                                                                                                                                       |                4 |             13 |         3.25 |
|  design_1_i/processing_system7_0/inst/FCLK_CLK0                | design_1_i/ps7_0_axi_periph/s00_couplers/auto_pc/inst/gen_axilite.gen_b2s_conv.axilite_b2s/SI_REG/b.b_pipe/p_1_in                                              |                                                                                                                                                       |                2 |             14 |         7.00 |
|  design_1_i/processing_system7_0/inst/FCLK_CLK0                | design_1_i/ps7_0_axi_periph/s00_couplers/auto_pc/inst/gen_axilite.gen_b2s_conv.axilite_b2s/SI_REG/b.b_pipe/s_ready_i_reg_0                                     |                                                                                                                                                       |                3 |             14 |         4.67 |
|  design_1_i/processing_system7_0/inst/FCLK_CLK0                | design_1_i/ps7_0_axi_periph/xbar/inst/gen_sasd.crossbar_sasd_0/reg_slice_r/aa_rready                                                                           |                                                                                                                                                       |                5 |             15 |         3.00 |
|  design_1_i/processing_system7_0/inst/FCLK_CLK0                | design_1_i/ps7_0_axi_periph/s00_couplers/auto_pc/inst/gen_axilite.gen_b2s_conv.axilite_b2s/WR.aw_channel_0/aw_cmd_fsm_0/m_axi_awready_0                        |                                                                                                                                                       |                3 |             16 |         5.33 |
|  design_1_i/processing_system7_0/inst/FCLK_CLK0                |                                                                                                                                                                | design_1_i/ps7_0_axi_periph/xbar/inst/gen_sasd.crossbar_sasd_0/addr_arbiter_inst/SR[0]                                                                |                7 |             17 |         2.43 |
|  design_1_i/processing_system7_0/inst/FCLK_CLK0                | design_1_i/fp_equation_solver_0/inst/Adder_AX_BY_C/A_exp0                                                                                                      |                                                                                                                                                       |                8 |             18 |         2.25 |
|  design_1_i/processing_system7_0/inst/FCLK_CLK0                | design_1_i/ps7_0_axi_periph/xbar/inst/gen_sasd.crossbar_sasd_0/addr_arbiter_inst/p_0_in1_in                                                                    | design_1_i/ps7_0_axi_periph/xbar/inst/gen_sasd.crossbar_sasd_0/addr_arbiter_inst/SR[0]                                                                |                6 |             19 |         3.17 |
|  design_1_i/processing_system7_0/inst/FCLK_CLK0                |                                                                                                                                                                | design_1_i/axi_gpio_start/U0/AXI_LITE_IPIF_I/I_SLAVE_ATTACHMENT/SS[0]                                                                                 |                5 |             20 |         4.00 |
|  design_1_i/processing_system7_0/inst/FCLK_CLK0                |                                                                                                                                                                | design_1_i/axi_gpio_done/U0/AXI_LITE_IPIF_I/I_SLAVE_ATTACHMENT/SS[0]                                                                                  |                6 |             20 |         3.33 |
|  design_1_i/processing_system7_0/inst/FCLK_CLK0                | design_1_i/ps7_0_axi_periph/s00_couplers/auto_pc/inst/gen_axilite.gen_b2s_conv.axilite_b2s/RD.ar_channel_0/ar_cmd_fsm_0/m_axi_arready_2                        |                                                                                                                                                       |                8 |             21 |         2.62 |
|  design_1_i/processing_system7_0/inst/FCLK_CLK0                | design_1_i/fp_equation_solver_0/inst/Adder_AX_BY_C/sum0                                                                                                        |                                                                                                                                                       |                8 |             22 |         2.75 |
|  design_1_i/processing_system7_0/inst/FCLK_CLK0                | design_1_i/axi_gpio_c/U0/AXI_LITE_IPIF_I/I_SLAVE_ATTACHMENT/I_DECODER/E[0]                                                                                     | design_1_i/axi_gpio_c/U0/AXI_LITE_IPIF_I/I_SLAVE_ATTACHMENT/SR[0]                                                                                     |                3 |             22 |         7.33 |
|  design_1_i/processing_system7_0/inst/FCLK_CLK0                |                                                                                                                                                                | design_1_i/axi_gpio_a/U0/gpio_core_1/Read_Reg_Rst__0                                                                                                  |                3 |             22 |         7.33 |
|  design_1_i/processing_system7_0/inst/FCLK_CLK0                |                                                                                                                                                                | design_1_i/axi_gpio_rez/U0/AXI_LITE_IPIF_I/I_SLAVE_ATTACHMENT/I_DECODER/bus2ip_rnw_i_reg                                                              |                6 |             22 |         3.67 |
|  design_1_i/processing_system7_0/inst/FCLK_CLK0                |                                                                                                                                                                | design_1_i/axi_gpio_b/U0/gpio_core_1/Read_Reg_Rst__0                                                                                                  |                5 |             22 |         4.40 |
|  design_1_i/processing_system7_0/inst/FCLK_CLK0                |                                                                                                                                                                | design_1_i/axi_gpio_x/U0/gpio_core_1/Read_Reg_Rst__0                                                                                                  |                4 |             22 |         5.50 |
|  design_1_i/processing_system7_0/inst/FCLK_CLK0                |                                                                                                                                                                | design_1_i/axi_gpio_y/U0/gpio_core_1/Read_Reg_Rst__0                                                                                                  |                4 |             22 |         5.50 |
|  design_1_i/processing_system7_0/inst/FCLK_CLK0                |                                                                                                                                                                | design_1_i/axi_gpio_c/U0/gpio_core_1/Read_Reg_Rst__0                                                                                                  |                3 |             22 |         7.33 |
|  design_1_i/processing_system7_0/inst/FCLK_CLK0                | design_1_i/axi_gpio_a/U0/AXI_LITE_IPIF_I/I_SLAVE_ATTACHMENT/I_DECODER/E[0]                                                                                     | design_1_i/axi_gpio_a/U0/AXI_LITE_IPIF_I/I_SLAVE_ATTACHMENT/SR[0]                                                                                     |                3 |             22 |         7.33 |
|  design_1_i/processing_system7_0/inst/FCLK_CLK0                | design_1_i/axi_gpio_rez/U0/AXI_LITE_IPIF_I/I_SLAVE_ATTACHMENT/I_DECODER/E[0]                                                                                   | design_1_i/axi_gpio_rez/U0/AXI_LITE_IPIF_I/I_SLAVE_ATTACHMENT/SR[0]                                                                                   |                3 |             22 |         7.33 |
|  design_1_i/processing_system7_0/inst/FCLK_CLK0                | design_1_i/axi_gpio_y/U0/AXI_LITE_IPIF_I/I_SLAVE_ATTACHMENT/I_DECODER/E[0]                                                                                     | design_1_i/axi_gpio_y/U0/AXI_LITE_IPIF_I/I_SLAVE_ATTACHMENT/SR[0]                                                                                     |                3 |             22 |         7.33 |
|  design_1_i/processing_system7_0/inst/FCLK_CLK0                | design_1_i/axi_gpio_b/U0/AXI_LITE_IPIF_I/I_SLAVE_ATTACHMENT/I_DECODER/E[0]                                                                                     | design_1_i/axi_gpio_b/U0/AXI_LITE_IPIF_I/I_SLAVE_ATTACHMENT/SR[0]                                                                                     |                3 |             22 |         7.33 |
|  design_1_i/processing_system7_0/inst/FCLK_CLK0                | design_1_i/axi_gpio_x/U0/AXI_LITE_IPIF_I/I_SLAVE_ATTACHMENT/I_DECODER/E[0]                                                                                     | design_1_i/axi_gpio_x/U0/AXI_LITE_IPIF_I/I_SLAVE_ATTACHMENT/SR[0]                                                                                     |                4 |             22 |         5.50 |
|  design_1_i/processing_system7_0/inst/FCLK_CLK0                | design_1_i/axi_gpio_rez/U0/AXI_LITE_IPIF_I/I_SLAVE_ATTACHMENT/s_axi_rresp_i                                                                                    | design_1_i/axi_gpio_rez/U0/AXI_LITE_IPIF_I/I_SLAVE_ATTACHMENT/SR[0]                                                                                   |                4 |             23 |         5.75 |
|  design_1_i/processing_system7_0/inst/FCLK_CLK0                | design_1_i/axi_gpio_a/U0/AXI_LITE_IPIF_I/I_SLAVE_ATTACHMENT/s_axi_rresp_i                                                                                      | design_1_i/axi_gpio_a/U0/AXI_LITE_IPIF_I/I_SLAVE_ATTACHMENT/SR[0]                                                                                     |                6 |             23 |         3.83 |
|  design_1_i/processing_system7_0/inst/FCLK_CLK0                | design_1_i/axi_gpio_b/U0/AXI_LITE_IPIF_I/I_SLAVE_ATTACHMENT/s_axi_rresp_i                                                                                      | design_1_i/axi_gpio_b/U0/AXI_LITE_IPIF_I/I_SLAVE_ATTACHMENT/SR[0]                                                                                     |                5 |             23 |         4.60 |
|  design_1_i/processing_system7_0/inst/FCLK_CLK0                | design_1_i/axi_gpio_y/U0/AXI_LITE_IPIF_I/I_SLAVE_ATTACHMENT/s_axi_rresp_i                                                                                      | design_1_i/axi_gpio_y/U0/AXI_LITE_IPIF_I/I_SLAVE_ATTACHMENT/SR[0]                                                                                     |                8 |             23 |         2.88 |
|  design_1_i/processing_system7_0/inst/FCLK_CLK0                | design_1_i/axi_gpio_c/U0/AXI_LITE_IPIF_I/I_SLAVE_ATTACHMENT/s_axi_rresp_i                                                                                      | design_1_i/axi_gpio_c/U0/AXI_LITE_IPIF_I/I_SLAVE_ATTACHMENT/SR[0]                                                                                     |                4 |             23 |         5.75 |
|  design_1_i/processing_system7_0/inst/FCLK_CLK0                | design_1_i/axi_gpio_x/U0/AXI_LITE_IPIF_I/I_SLAVE_ATTACHMENT/s_axi_rresp_i                                                                                      | design_1_i/axi_gpio_x/U0/AXI_LITE_IPIF_I/I_SLAVE_ATTACHMENT/SR[0]                                                                                     |                4 |             23 |         5.75 |
|  design_1_i/processing_system7_0/inst/FCLK_CLK0                | design_1_i/ps7_0_axi_periph/s00_couplers/auto_pc/inst/gen_axilite.gen_b2s_conv.axilite_b2s/WR.aw_channel_0/aw_cmd_fsm_0/FSM_sequential_state_reg[0]_1          |                                                                                                                                                       |                9 |             24 |         2.67 |
|  design_1_i/processing_system7_0/inst/FCLK_CLK0                | design_1_i/fp_equation_solver_0/inst/Adder_AX_BY_C/sum_mantissa0                                                                                               |                                                                                                                                                       |               18 |             25 |         1.39 |
|  design_1_i/processing_system7_0/inst/FCLK_CLK0                | design_1_i/fp_equation_solver_0/inst/Adder_AX_BY/sum_mantissa0                                                                                                 |                                                                                                                                                       |               16 |             25 |         1.56 |
|  design_1_i/processing_system7_0/inst/FCLK_CLK0                | design_1_i/fp_equation_solver_0/inst/Adder_AX_BY/A_mantissa[24]_i_1_n_0                                                                                        |                                                                                                                                                       |               13 |             25 |         1.92 |
|  design_1_i/processing_system7_0/inst/FCLK_CLK0                | design_1_i/fp_equation_solver_0/inst/Adder_AX_BY/B_mantissa[24]_i_1_n_0                                                                                        |                                                                                                                                                       |               11 |             25 |         2.27 |
|  design_1_i/processing_system7_0/inst/FCLK_CLK0                | design_1_i/fp_equation_solver_0/inst/Adder_AX_BY_C/B_mantissa[24]_i_1__0_n_0                                                                                   |                                                                                                                                                       |               20 |             25 |         1.25 |
|  design_1_i/processing_system7_0/inst/FCLK_CLK0                | design_1_i/fp_equation_solver_0/inst/Adder_AX_BY_C/A_mantissa[24]_i_1__0_n_0                                                                                   |                                                                                                                                                       |               19 |             25 |         1.32 |
|  design_1_i/processing_system7_0/inst/FCLK_CLK0                | design_1_i/fp_equation_solver_0/inst/Adder_AX_BY/sum0                                                                                                          |                                                                                                                                                       |               13 |             32 |         2.46 |
|  design_1_i/processing_system7_0/inst/FCLK_CLK0                | design_1_i/ps7_0_axi_periph/s00_couplers/auto_pc/inst/gen_axilite.gen_b2s_conv.axilite_b2s/RD.r_channel_0/rd_data_fifo_0/wr_en0                                |                                                                                                                                                       |                9 |             34 |         3.78 |
|  design_1_i/processing_system7_0/inst/FCLK_CLK0                | design_1_i/ps7_0_axi_periph/xbar/inst/gen_sasd.crossbar_sasd_0/addr_arbiter_inst/E[0]                                                                          |                                                                                                                                                       |                7 |             35 |         5.00 |
|  design_1_i/processing_system7_0/inst/FCLK_CLK0                |                                                                                                                                                                | design_1_i/axi_gpio_rez/U0/AXI_LITE_IPIF_I/I_SLAVE_ATTACHMENT/SR[0]                                                                                   |               12 |             38 |         3.17 |
|  design_1_i/processing_system7_0/inst/FCLK_CLK0                |                                                                                                                                                                | design_1_i/axi_gpio_a/U0/AXI_LITE_IPIF_I/I_SLAVE_ATTACHMENT/SR[0]                                                                                     |               11 |             38 |         3.45 |
|  design_1_i/processing_system7_0/inst/FCLK_CLK0                |                                                                                                                                                                | design_1_i/axi_gpio_b/U0/AXI_LITE_IPIF_I/I_SLAVE_ATTACHMENT/SR[0]                                                                                     |               12 |             38 |         3.17 |
|  design_1_i/processing_system7_0/inst/FCLK_CLK0                |                                                                                                                                                                | design_1_i/axi_gpio_c/U0/AXI_LITE_IPIF_I/I_SLAVE_ATTACHMENT/SR[0]                                                                                     |               10 |             38 |         3.80 |
|  design_1_i/processing_system7_0/inst/FCLK_CLK0                |                                                                                                                                                                | design_1_i/axi_gpio_x/U0/AXI_LITE_IPIF_I/I_SLAVE_ATTACHMENT/SR[0]                                                                                     |               11 |             38 |         3.45 |
|  design_1_i/processing_system7_0/inst/FCLK_CLK0                |                                                                                                                                                                | design_1_i/axi_gpio_y/U0/AXI_LITE_IPIF_I/I_SLAVE_ATTACHMENT/SR[0]                                                                                     |               12 |             38 |         3.17 |
|  design_1_i/processing_system7_0/inst/FCLK_CLK0                | design_1_i/ps7_0_axi_periph/s00_couplers/auto_pc/inst/gen_axilite.gen_b2s_conv.axilite_b2s/SI_REG/r.r_pipe/s_ready_i_reg_0                                     |                                                                                                                                                       |                8 |             47 |         5.88 |
|  design_1_i/processing_system7_0/inst/FCLK_CLK0                | design_1_i/ps7_0_axi_periph/s00_couplers/auto_pc/inst/gen_axilite.gen_b2s_conv.axilite_b2s/SI_REG/r.r_pipe/p_1_in                                              |                                                                                                                                                       |                7 |             47 |         6.71 |
|  design_1_i/processing_system7_0/inst/FCLK_CLK0                | design_1_i/ps7_0_axi_periph/s00_couplers/auto_pc/inst/gen_axilite.gen_b2s_conv.axilite_b2s/WR.aw_channel_0/aw_cmd_fsm_0/E[0]                                   |                                                                                                                                                       |                8 |             48 |         6.00 |
|  design_1_i/processing_system7_0/inst/FCLK_CLK0                | design_1_i/ps7_0_axi_periph/s00_couplers/auto_pc/inst/gen_axilite.gen_b2s_conv.axilite_b2s/RD.ar_channel_0/ar_cmd_fsm_0/m_valid_i_reg[0]                       |                                                                                                                                                       |               10 |             48 |         4.80 |
|  design_1_i/processing_system7_0/inst/FCLK_CLK0                | design_1_i/ps7_0_axi_periph/s00_couplers/auto_pc/inst/gen_axilite.gen_b2s_conv.axilite_b2s/SI_REG/ar.ar_pipe/s_ready_i_reg_0                                   |                                                                                                                                                       |               12 |             48 |         4.00 |
|  design_1_i/processing_system7_0/inst/FCLK_CLK0                | design_1_i/ps7_0_axi_periph/s00_couplers/auto_pc/inst/gen_axilite.gen_b2s_conv.axilite_b2s/SI_REG/aw.aw_pipe/s_ready_i_reg_0                                   |                                                                                                                                                       |                9 |             48 |         5.33 |
|  design_1_i/processing_system7_0/inst/FCLK_CLK0                |                                                                                                                                                                | design_1_i/rst_ps7_0_50M/U0/peripheral_aresetn[0]                                                                                                     |               59 |            114 |         1.93 |
|  design_1_i/processing_system7_0/inst/FCLK_CLK0                |                                                                                                                                                                |                                                                                                                                                       |               91 |            291 |         3.20 |
+----------------------------------------------------------------+----------------------------------------------------------------------------------------------------------------------------------------------------------------+-------------------------------------------------------------------------------------------------------------------------------------------------------+------------------+----------------+--------------+


