
*** Running vivado
    with args -log design_1_axi_gpio_0_2.vds -m64 -product Vivado -mode batch -messageDb vivado.pb -notrace -source design_1_axi_gpio_0_2.tcl



****** Vivado v2024.1 (64-bit)
  **** SW Build 5076996 on Wed May 22 18:37:14 MDT 2024
  **** IP Build 5075265 on Wed May 22 21:45:21 MDT 2024
  **** SharedData Build 5076995 on Wed May 22 18:29:18 MDT 2024
  **** Start of session at: Tue Jan 14 22:14:11 2025
    ** Copyright 1986-2022 Xilinx, Inc. All Rights Reserved.
    ** Copyright 2022-2024 Advanced Micro Devices, Inc. All Rights Reserved.

source design_1_axi_gpio_0_2.tcl -notrace
create_project: Time (s): cpu = 00:00:08 ; elapsed = 00:00:09 . Memory (MB): peak = 568.691 ; gain = 239.410
INFO: [IP_Flow 19-234] Refreshing IP repositories
INFO: [IP_Flow 19-1700] Loaded user IP repository 'c:/Users/Sergiu/Desktop/FP_Eq_Solver/ip_repo/fp_equation_solver2_axi_1_0'.
INFO: [IP_Flow 19-1700] Loaded user IP repository 'c:/Users/Sergiu/Desktop/FP_Eq_Solver/ip_repo/fp_equation_solver_axi_1_0'.
INFO: [IP_Flow 19-2313] Loaded Vivado IP repository 'C:/Xilinx/Vivado/2024.1/data/ip'.
WARNING: [IP_Flow 19-4995] The host OS only allows 260 characters in a normal path. The IP cache path is more than 80 characters. If you experience issues with IP caching, please consider changing the IP cache to a location with a shorter path. Alternately consider using the OS subst command to map part of the path to a drive letter. 
Current IP cache path is c:/Users/Sergiu/Desktop/FP_Eq_Solver/fp_equation_solver/fp_equation_solver.cache/ip 
INFO: [IP_Flow 19-6924] IPCACHE: Running cache check for IP inst: design_1_axi_gpio_0_2
INFO: [IP_Flow 19-6922] IPCACHE: Exporting cached entry e4d2bb8189f134ed to dir: C:/Users/Sergiu/Desktop/FP_Eq_Solver/fp_equation_solver/fp_equation_solver.runs/design_1_axi_gpio_0_2_synth_1
INFO: [IP_Flow 19-6928] IPCACHE: copied cached file c:/Users/Sergiu/Desktop/FP_Eq_Solver/fp_equation_solver/fp_equation_solver.cache/ip/2024.1/e/4/e4d2bb8189f134ed/design_1_axi_gpio_0_0.dcp to C:/Users/Sergiu/Desktop/FP_Eq_Solver/fp_equation_solver/fp_equation_solver.runs/design_1_axi_gpio_0_2_synth_1/design_1_axi_gpio_0_2.dcp.
INFO: [IP_Flow 19-6928] IPCACHE: copied cached file c:/Users/Sergiu/Desktop/FP_Eq_Solver/fp_equation_solver/fp_equation_solver.cache/ip/2024.1/e/4/e4d2bb8189f134ed/design_1_axi_gpio_0_0_sim_netlist.v to C:/Users/Sergiu/Desktop/FP_Eq_Solver/fp_equation_solver/fp_equation_solver.runs/design_1_axi_gpio_0_2_synth_1/design_1_axi_gpio_0_2_sim_netlist.v.
INFO: [IP_Flow 19-6928] IPCACHE: copied cached file c:/Users/Sergiu/Desktop/FP_Eq_Solver/fp_equation_solver/fp_equation_solver.cache/ip/2024.1/e/4/e4d2bb8189f134ed/design_1_axi_gpio_0_0_sim_netlist.vhdl to C:/Users/Sergiu/Desktop/FP_Eq_Solver/fp_equation_solver/fp_equation_solver.runs/design_1_axi_gpio_0_2_synth_1/design_1_axi_gpio_0_2_sim_netlist.vhdl.
INFO: [IP_Flow 19-6928] IPCACHE: copied cached file c:/Users/Sergiu/Desktop/FP_Eq_Solver/fp_equation_solver/fp_equation_solver.cache/ip/2024.1/e/4/e4d2bb8189f134ed/design_1_axi_gpio_0_0_stub.v to C:/Users/Sergiu/Desktop/FP_Eq_Solver/fp_equation_solver/fp_equation_solver.runs/design_1_axi_gpio_0_2_synth_1/design_1_axi_gpio_0_2_stub.v.
INFO: [IP_Flow 19-6928] IPCACHE: copied cached file c:/Users/Sergiu/Desktop/FP_Eq_Solver/fp_equation_solver/fp_equation_solver.cache/ip/2024.1/e/4/e4d2bb8189f134ed/design_1_axi_gpio_0_0_stub.vhdl to C:/Users/Sergiu/Desktop/FP_Eq_Solver/fp_equation_solver/fp_equation_solver.runs/design_1_axi_gpio_0_2_synth_1/design_1_axi_gpio_0_2_stub.vhdl.
INFO: [IP_Flow 19-4838] Using cached IP synthesis design for IP design_1_axi_gpio_0_2, cache-ID = e4d2bb8189f134ed.
INFO: [Common 17-206] Exiting Vivado at Tue Jan 14 22:14:23 2025...
